<?xml version="1.0" encoding="UTF-8"?>
<!-- Generated by org.testng.reporters.JUnitXMLReporter -->
<testsuite ignored="0" hostname="DESKTOP-EQ55Q8H" failures="0" tests="10" name="Default test" time="170.846" errors="0" timestamp="28 Mar 2023 12:14:07 GMT">
  <testcase classname="org.karthikkumar.Day2" name="test1" time="7.568"/>
  <testcase classname="org.karthikkumar.Day2" name="test10" time="9.171"/>
  <testcase classname="org.karthikkumar.Day2" name="test2" time="18.201"/>
  <testcase classname="org.karthikkumar.Day2" name="test3" time="9.265"/>
  <testcase classname="org.karthikkumar.Day2" name="test4" time="36.527"/>
  <testcase classname="org.karthikkumar.Day2" name="test5" time="6.18"/>
  <testcase classname="org.karthikkumar.Day2" name="test6" time="15.23"/>
  <testcase classname="org.karthikkumar.Day2" name="test7" time="5.994"/>
  <testcase classname="org.karthikkumar.Day2" name="test8" time="25.051"/>
  <testcase classname="org.karthikkumar.Day2" name="test9" time="28.091"/>
</testsuite> <!-- Default test -->
