<?xml version="1.0" encoding="UTF-8"?>
<testng-results skipped="0" failed="1" ignored="0" total="7" passed="6">
  <reporter-output>
  </reporter-output>
  <suite name="Default suite" duration-ms="42683" started-at="2023-03-30T02:41:15Z" finished-at="2023-03-30T02:41:58Z">
    <groups>
    </groups>
    <test name="Default test" duration-ms="42683" started-at="2023-03-30T02:41:15Z" finished-at="2023-03-30T02:41:58Z">
      <class name="org.nisanth.URL">
        <test-method status="PASS" signature="brow()[pri:0, instance:org.nisanth.URL@2038ae61]" name="brow" is-config="true" duration-ms="7952" started-at="2023-03-30T02:41:15Z" finished-at="2023-03-30T02:41:23Z">
          <reporter-output>
          </reporter-output>
        </test-method> <!-- brow -->
        <test-method status="PASS" signature="test1()[pri:0, instance:org.nisanth.URL@2038ae61]" name="test1" duration-ms="11500" started-at="2023-03-30T02:41:23Z" finished-at="2023-03-30T02:41:35Z">
          <reporter-output>
          </reporter-output>
        </test-method> <!-- test1 -->
        <test-method status="PASS" signature="test2()[pri:0, instance:org.nisanth.URL@2038ae61]" name="test2" duration-ms="1487" started-at="2023-03-30T02:41:35Z" finished-at="2023-03-30T02:41:36Z">
          <reporter-output>
          </reporter-output>
        </test-method> <!-- test2 -->
        <test-method status="PASS" signature="test3()[pri:0, instance:org.nisanth.URL@2038ae61]" name="test3" duration-ms="3005" started-at="2023-03-30T02:41:36Z" finished-at="2023-03-30T02:41:39Z">
          <reporter-output>
          </reporter-output>
        </test-method> <!-- test3 -->
        <test-method status="PASS" signature="test4()[pri:0, instance:org.nisanth.URL@2038ae61]" name="test4" duration-ms="1655" started-at="2023-03-30T02:41:39Z" finished-at="2023-03-30T02:41:41Z">
          <reporter-output>
          </reporter-output>
        </test-method> <!-- test4 -->
        <test-method status="PASS" signature="test5()[pri:0, instance:org.nisanth.URL@2038ae61]" name="test5" duration-ms="3840" started-at="2023-03-30T02:41:41Z" finished-at="2023-03-30T02:41:45Z">
          <reporter-output>
          </reporter-output>
        </test-method> <!-- test5 -->
        <test-method status="PASS" signature="test6()[pri:0, instance:org.nisanth.URL@2038ae61]" name="test6" duration-ms="7476" started-at="2023-03-30T02:41:45Z" finished-at="2023-03-30T02:41:52Z">
          <reporter-output>
          </reporter-output>
        </test-method> <!-- test6 -->
        <test-method status="FAIL" signature="test7()[pri:0, instance:org.nisanth.URL@2038ae61]" name="test7" duration-ms="4542" started-at="2023-03-30T02:41:52Z" finished-at="2023-03-30T02:41:57Z">
          <exception class="org.openqa.selenium.InvalidSelectorException">
            <message>
              <![CDATA[invalid selector: Unable to locate an element with the xpath expression  because of the following error:
SyntaxError: Failed to execute 'evaluate' on 'Document': The string '' is not a valid XPath expression.
  (Session info: chrome=111.0.5563.147)
For documentation on this error, please visit: https://selenium.dev/exceptions/#invalid_selector_exception
Build info: version: '4.8.1', revision: '8ebccac989'
System info: os.name: 'Windows 10', os.arch: 'amd64', os.version: '10.0', java.version: '1.8.0_202'
Driver info: org.openqa.selenium.chrome.ChromeDriver
Command: [6d234192a9e690dabaaa5eae2187471d, findElement {using=xpath, value=}]
Capabilities {acceptInsecureCerts: false, browserName: chrome, browserVersion: 111.0.5563.147, chrome: {chromedriverVersion: 111.0.5563.64 (c710e93d5b63..., userDataDir: C:\Users\user\AppData\Local...}, goog:chromeOptions: {debuggerAddress: localhost:64624}, networkConnectionEnabled: false, pageLoadStrategy: normal, platformName: WINDOWS, proxy: Proxy(), se:cdp: ws://localhost:64624/devtoo..., se:cdpVersion: 111.0.5563.147, setWindowRect: true, strictFileInteractability: false, timeouts: {implicit: 0, pageLoad: 300000, script: 30000}, unhandledPromptBehavior: dismiss and notify, webauthn:extension:credBlob: true, webauthn:extension:largeBlob: true, webauthn:extension:minPinLength: true, webauthn:extension:prf: true, webauthn:virtualAuthenticators: true}
Session ID: 6d234192a9e690dabaaa5eae2187471d]]>
            </message>
            <full-stacktrace>
              <![CDATA[org.openqa.selenium.InvalidSelectorException: invalid selector: Unable to locate an element with the xpath expression  because of the following error:
SyntaxError: Failed to execute 'evaluate' on 'Document': The string '' is not a valid XPath expression.
  (Session info: chrome=111.0.5563.147)
For documentation on this error, please visit: https://selenium.dev/exceptions/#invalid_selector_exception
Build info: version: '4.8.1', revision: '8ebccac989'
System info: os.name: 'Windows 10', os.arch: 'amd64', os.version: '10.0', java.version: '1.8.0_202'
Driver info: org.openqa.selenium.chrome.ChromeDriver
Command: [6d234192a9e690dabaaa5eae2187471d, findElement {using=xpath, value=}]
Capabilities {acceptInsecureCerts: false, browserName: chrome, browserVersion: 111.0.5563.147, chrome: {chromedriverVersion: 111.0.5563.64 (c710e93d5b63..., userDataDir: C:\Users\user\AppData\Local...}, goog:chromeOptions: {debuggerAddress: localhost:64624}, networkConnectionEnabled: false, pageLoadStrategy: normal, platformName: WINDOWS, proxy: Proxy(), se:cdp: ws://localhost:64624/devtoo..., se:cdpVersion: 111.0.5563.147, setWindowRect: true, strictFileInteractability: false, timeouts: {implicit: 0, pageLoad: 300000, script: 30000}, unhandledPromptBehavior: dismiss and notify, webauthn:extension:credBlob: true, webauthn:extension:largeBlob: true, webauthn:extension:minPinLength: true, webauthn:extension:prf: true, webauthn:virtualAuthenticators: true}
Session ID: 6d234192a9e690dabaaa5eae2187471d
at sun.reflect.NativeConstructorAccessorImpl.newInstance0(Native Method)
at sun.reflect.NativeConstructorAccessorImpl.newInstance(Unknown Source)
at sun.reflect.DelegatingConstructorAccessorImpl.newInstance(Unknown Source)
at java.lang.reflect.Constructor.newInstance(Unknown Source)
at org.openqa.selenium.remote.codec.w3c.W3CHttpResponseCodec.createException(W3CHttpResponseCodec.java:200)
at org.openqa.selenium.remote.codec.w3c.W3CHttpResponseCodec.decode(W3CHttpResponseCodec.java:133)
at org.openqa.selenium.remote.codec.w3c.W3CHttpResponseCodec.decode(W3CHttpResponseCodec.java:53)
at org.openqa.selenium.remote.HttpCommandExecutor.execute(HttpCommandExecutor.java:184)
at org.openqa.selenium.remote.service.DriverCommandExecutor.invokeExecute(DriverCommandExecutor.java:167)
at org.openqa.selenium.remote.service.DriverCommandExecutor.execute(DriverCommandExecutor.java:142)
at org.openqa.selenium.remote.RemoteWebDriver.execute(RemoteWebDriver.java:543)
at org.openqa.selenium.remote.ElementLocation$ElementFinder$2.findElement(ElementLocation.java:162)
at org.openqa.selenium.remote.ElementLocation.findElement(ElementLocation.java:60)
at org.openqa.selenium.remote.RemoteWebDriver.findElement(RemoteWebDriver.java:352)
at org.openqa.selenium.remote.RemoteWebDriver.findElement(RemoteWebDriver.java:344)
at org.nisanth.URL.test7(URL.java:134)
at sun.reflect.NativeMethodAccessorImpl.invoke0(Native Method)
at sun.reflect.NativeMethodAccessorImpl.invoke(Unknown Source)
at sun.reflect.DelegatingMethodAccessorImpl.invoke(Unknown Source)
at java.lang.reflect.Method.invoke(Unknown Source)
at org.testng.internal.MethodInvocationHelper.invokeMethod(MethodInvocationHelper.java:124)
at org.testng.internal.Invoker.invokeMethod(Invoker.java:583)
at org.testng.internal.Invoker.invokeTestMethod(Invoker.java:719)
at org.testng.internal.Invoker.invokeTestMethods(Invoker.java:989)
at org.testng.internal.TestMethodWorker.invokeTestMethods(TestMethodWorker.java:125)
at org.testng.internal.TestMethodWorker.run(TestMethodWorker.java:109)
at org.testng.TestRunner.privateRun(TestRunner.java:648)
at org.testng.TestRunner.run(TestRunner.java:505)
at org.testng.SuiteRunner.runTest(SuiteRunner.java:455)
at org.testng.SuiteRunner.runSequentially(SuiteRunner.java:450)
at org.testng.SuiteRunner.privateRun(SuiteRunner.java:415)
at org.testng.SuiteRunner.run(SuiteRunner.java:364)
at org.testng.SuiteRunnerWorker.runSuite(SuiteRunnerWorker.java:52)
at org.testng.SuiteRunnerWorker.run(SuiteRunnerWorker.java:84)
at org.testng.TestNG.runSuitesSequentially(TestNG.java:1208)
at org.testng.TestNG.runSuitesLocally(TestNG.java:1137)
at org.testng.TestNG.runSuites(TestNG.java:1049)
at org.testng.TestNG.run(TestNG.java:1017)
at org.testng.remote.AbstractRemoteTestNG.run(AbstractRemoteTestNG.java:132)
at org.testng.remote.RemoteTestNG.initAndRun(RemoteTestNG.java:236)
at org.testng.remote.RemoteTestNG.main(RemoteTestNG.java:81)
]]>
            </full-stacktrace>
          </exception> <!-- org.openqa.selenium.InvalidSelectorException -->
          <reporter-output>
          </reporter-output>
        </test-method> <!-- test7 -->
        <test-method status="PASS" signature="aft()[pri:0, instance:org.nisanth.URL@2038ae61]" name="aft" is-config="true" duration-ms="1140" started-at="2023-03-30T02:41:57Z" finished-at="2023-03-30T02:41:58Z">
          <reporter-output>
          </reporter-output>
        </test-method> <!-- aft -->
      </class> <!-- org.nisanth.URL -->
    </test> <!-- Default test -->
  </suite> <!-- Default suite -->
</testng-results>
